time="2024-04-27T03:06:01+03:00" level=info msg="read application configuration" func="github.com/sirupsen/logrus.(*Entry).Info()" file="entry.go:285"
time="2024-04-27T03:06:01+03:00" level=info func="github.com/sirupsen/logrus.(*Entry).Info()" file="entry.go:285"
time="2024-04-27T03:06:01+03:00" level=fatal msg="open config.yml: The system cannot find the file specified." func="github.com/sirupsen/logrus.(*Entry).Fatal()" file="entry.go:301"
time="2024-04-27T03:07:33+03:00" level=info msg="read application configuration" func="github.com/sirupsen/logrus.(*Entry).Info()" file="entry.go:285"
time="2024-04-27T03:07:33+03:00" level=info func="github.com/sirupsen/logrus.(*Entry).Info()" file="entry.go:285"
time="2024-04-27T03:07:33+03:00" level=fatal msg="open config.yml: The system cannot find the file specified." func="github.com/sirupsen/logrus.(*Entry).Fatal()" file="entry.go:301"
time="2024-04-27T17:34:55+03:00" level=info msg="read application configuration" func="github.com/sirupsen/logrus.(*Entry).Info()" file="entry.go:285"
time="2024-04-27T17:34:55+03:00" level=info func="github.com/sirupsen/logrus.(*Entry).Info()" file="entry.go:285"
time="2024-04-27T17:34:55+03:00" level=fatal msg="open config.yml: The system cannot find the file specified." func="github.com/sirupsen/logrus.(*Entry).Fatal()" file="entry.go:301"
time="2024-04-27T18:09:57+03:00" level=info msg="read application configuration" func="github.com/sirupsen/logrus.(*Entry).Info()" file="entry.go:285"
time="2024-04-27T18:09:57+03:00" level=info func="github.com/sirupsen/logrus.(*Entry).Info()" file="entry.go:285"
time="2024-04-27T18:09:57+03:00" level=fatal msg="open ../../config.yml: The system cannot find the file specified." func="github.com/sirupsen/logrus.(*Entry).Fatal()" file="entry.go:301"
time="2024-04-27T18:11:26+03:00" level=info msg="read application configuration" func="github.com/sirupsen/logrus.(*Entry).Info()" file="entry.go:285"
time="2024-04-27T18:11:26+03:00" level=info func="github.com/sirupsen/logrus.(*Entry).Info()" file="entry.go:285"
time="2024-04-27T18:11:26+03:00" level=fatal msg="open remy_explorer/config.yml: The system cannot find the path specified." func="github.com/sirupsen/logrus.(*Entry).Fatal()" file="entry.go:301"
time="2024-04-27T18:12:15+03:00" level=info msg="read application configuration" func="github.com/sirupsen/logrus.(*Entry).Info()" file="entry.go:285"
time="2024-04-28T03:18:53+03:00" level=info msg="read application configuration" func="github.com/sirupsen/logrus.(*Entry).Info()" file="entry.go:285"
time="2024-04-28T03:22:03+03:00" level=info msg="read application configuration" func="remy_explorer/internal/config.GetConfigWithPath.func1()" file="config.go:41"
time="2024-04-28T03:22:29+03:00" level=info msg="read application configuration" func="remy_explorer/internal/config.GetConfigWithPath.func1()" file="config.go:41"
time="2024-04-28T03:22:36+03:00" level=info msg="read application configuration" func="github.com/sirupsen/logrus.(*Entry).Info()" file="entry.go:285"
time="2024-04-28T03:22:41+03:00" level=info msg="read application configuration" func="remy_explorer/internal/config.GetConfigWithPath.func1()" file="config.go:41"
time="2024-04-28T03:22:46+03:00" level=info msg="read application configuration" func="remy_explorer/internal/config.GetConfigWithPath.func1()" file="config.go:41"
time="2024-04-28T03:23:27+03:00" level=info msg="read application configuration" func="github.com/sirupsen/logrus.(*Entry).Info()" file="entry.go:285"
time="2024-04-28T03:30:37+03:00" level=info msg="read application configuration" func="github.com/sirupsen/logrus.(*Entry).Info()" file="entry.go:285"
